c:\users\nozipho r simelane\documents\third year\first semester\comp315\sfmlproject\sfmlproject\debug\vc143.pdb
c:\users\nozipho r simelane\documents\third year\first semester\comp315\sfmlproject\sfmlproject\debug\vc143.idb
c:\users\nozipho r simelane\documents\third year\first semester\comp315\sfmlproject\sfmlproject\debug\progressbar.obj
c:\users\nozipho r simelane\documents\third year\first semester\comp315\sfmlproject\sfmlproject\debug\questionbank.obj
c:\users\nozipho r simelane\documents\third year\first semester\comp315\sfmlproject\sfmlproject\debug\qa_container.obj
c:\users\nozipho r simelane\documents\third year\first semester\comp315\sfmlproject\sfmlproject\debug\player.obj
c:\users\nozipho r simelane\documents\third year\first semester\comp315\sfmlproject\sfmlproject\debug\messagebox.obj
c:\users\nozipho r simelane\documents\third year\first semester\comp315\sfmlproject\sfmlproject\debug\main.obj
c:\users\nozipho r simelane\documents\third year\first semester\comp315\sfmlproject\sfmlproject\debug\level.obj
c:\users\nozipho r simelane\documents\third year\first semester\comp315\sfmlproject\sfmlproject\debug\game.obj
c:\users\nozipho r simelane\documents\third year\first semester\comp315\sfmlproject\sfmlproject\debug\button.obj
c:\users\nozipho r simelane\documents\third year\first semester\comp315\sfmlproject\debug\sfmlproject.exe
c:\users\nozipho r simelane\documents\third year\first semester\comp315\sfmlproject\debug\sfmlproject.pdb
c:\users\nozipho r simelane\documents\third year\first semester\comp315\sfmlproject\sfmlproject\debug\sfmlproject.ilk
c:\users\nozipho r simelane\documents\third year\first semester\comp315\sfmlproject\sfmlproject\debug\sfmlproject.tlog\cl.command.1.tlog
c:\users\nozipho r simelane\documents\third year\first semester\comp315\sfmlproject\sfmlproject\debug\sfmlproject.tlog\cl.items.tlog
c:\users\nozipho r simelane\documents\third year\first semester\comp315\sfmlproject\sfmlproject\debug\sfmlproject.tlog\cl.read.1.tlog
c:\users\nozipho r simelane\documents\third year\first semester\comp315\sfmlproject\sfmlproject\debug\sfmlproject.tlog\cl.write.1.tlog
c:\users\nozipho r simelane\documents\third year\first semester\comp315\sfmlproject\sfmlproject\debug\sfmlproject.tlog\link.command.1.tlog
c:\users\nozipho r simelane\documents\third year\first semester\comp315\sfmlproject\sfmlproject\debug\sfmlproject.tlog\link.read.1.tlog
c:\users\nozipho r simelane\documents\third year\first semester\comp315\sfmlproject\sfmlproject\debug\sfmlproject.tlog\link.secondary.1.tlog
c:\users\nozipho r simelane\documents\third year\first semester\comp315\sfmlproject\sfmlproject\debug\sfmlproject.tlog\link.write.1.tlog
